<?xml version="1.0" encoding="UTF-8"?>
<testsuite xmlns:xsi="http://www.w3.org/2001/XMLSchema-instance" xsi:noNamespaceSchemaLocation="https://maven.apache.org/surefire/maven-surefire-plugin/xsd/surefire-test-report-3.0.xsd" version="3.0" name="StackTest" time="0.135" tests="8" errors="0" skipped="0" failures="0">
  <properties>
[...]
</properties>
  <testcase name="testBFS" classname="StackTest" time="0.034">
    <system-out><![CDATA[***Setup done*** 
TEST: testBFS 
  Perform BFS search from node "1" to "4"
Visiting Node: 1
Visiting Node: 2
Visiting Node: 3
Visiting Node: 4
Path Found: 1 -> 2 -> 3 -> 4

***TEARDOWN***

]]></system-out>
  </testcase>
  <testcase name="testDFS" classname="StackTest" time="0.001">
    <system-out><![CDATA[***Setup done*** 
TEST: testDFSS 
  Perform  DFS search from node "A" to "C"
Graph before DFS:
Graph:
Num of Nodes: 3
Labels of Nodes:
A
B
C
Num of Edges: 2
Nodes and Edge Directions:
A -> B
B -> C

[x] DFS found the correct path.
Graph after DFS:
Graph:
Num of Nodes: 3
Labels of Nodes:
A
B
C
Num of Edges: 2
Nodes and Edge Directions:
A -> B
B -> C

***TEARDOWN***

]]></system-out>
  </testcase>
  <testcase name="testRemoveEdgeSuccessfully" classname="StackTest" time="0.002">
    <system-out><![CDATA[***Setup done*** 
TEST: testRemoveEdgeSuccessfully 
 removal of an edge that exists.
Edge A->B removed successfully.
***TEARDOWN***

]]></system-out>
  </testcase>
  <testcase name="testRemoveNodesSuccessfully" classname="StackTest" time="0.001">
    <system-out><![CDATA[***Setup done*** 
TEST: testRemoveNodesSuccessfully 
 removal of multiple nodes that exist.
[x]Nodes A and C removed successfully.
***TEARDOWN***

]]></system-out>
  </testcase>
  <testcase name="testRemoveNodeSuccessfully" classname="StackTest" time="0.001">
    <system-out><![CDATA[***Setup done*** 
TEST: removal of a node that exists.
[x]Node B removed Correctly.
***TEARDOWN***

]]></system-out>
  </testcase>
  <testcase name="testRemoveNonExistentEdge" classname="StackTest" time="0.012">
    <system-out><![CDATA[***Setup done*** 
TEST: testRemoveNonExistentEdge 
  removal of an edge is DNE
Edge from: A to Z does not exist.
[x]Correctly identified that edge A->Z DNE.
***TEARDOWN***

]]></system-out>
  </testcase>
  <testcase name="testRemoveNonExistentNode" classname="StackTest" time="0.007">
    <system-out><![CDATA[***Setup done*** 
TEST: testRemoveNonExistentNode 
 removal of a node that DNE.
-Node Z does not exist. Cannot remove node.
[x]Correctly identified that node Z DNE.
***TEARDOWN***

]]></system-out>
  </testcase>
  <testcase name="testRemoveNonExistentNodes" classname="StackTest" time="0.001">
    <system-out><![CDATA[***Setup done*** 
TEST: testRemoveNonExistentNodes 
 removal of multiple nodes that DNE
-Node X does not exist. Cannot remove node.
-Node Y does not exist. Cannot remove node.
[x]Correctly identified that nodes X and Y DNE.
***TEARDOWN***

]]></system-out>
  </testcase>
</testsuite>