<?xml version="1.0" encoding="UTF-8"?>
<testsuite xmlns:xsi="http://www.w3.org/2001/XMLSchema-instance" xsi:noNamespaceSchemaLocation="https://maven.apache.org/surefire/maven-surefire-plugin/xsd/surefire-test-report-3.0.xsd" version="3.0" name="StackTest" time="0.093" tests="9" errors="0" skipped="0" failures="0">
  <properties>
[...]
</properties>
  <testcase name="testParseGraph" classname="StackTest" time="0.041">
    <system-out><![CDATA[setup
this is testParseGraph
Graph:
Num of Nodes: 4
Labels of Nodes:
a
b
c
d
Num of Edges: 4
Nodes and Edge Directions:
a -> b
b -> c
c -> d
d -> a

TEARDOWN
]]></system-out>
  </testcase>
  <testcase name="testAddEdge" classname="StackTest" time="0.007">
    <system-out><![CDATA[setup
this is testAddEdge
Duplicate edge from: a->b
TEARDOWN
]]></system-out>
  </testcase>
  <testcase name="testAddNode" classname="StackTest" time="0.003">
    <system-out><![CDATA[setup
this is testAddNode 
Node a is a duplicate. Cannot add node
TEARDOWN
]]></system-out>
  </testcase>
  <testcase name="testRemoveNodes" classname="StackTest" time="0">
    <system-out><![CDATA[setup
this is testRemoveNodes
Node y does not exist. Cannot remove node.
Node z does not exist. Cannot remove node.
TEARDOWN
]]></system-out>
  </testcase>
  <testcase name="testAddEdges" classname="StackTest" time="0">
    <system-out><![CDATA[setup
this is testAddEdges
Duplicate edge from: a->b
Duplicate edge from: b->c
Duplicate edge from: c->d
Duplicate edge from: d->a
TEARDOWN
]]></system-out>
  </testcase>
  <testcase name="testAddNodes" classname="StackTest" time="0.001">
    <system-out><![CDATA[setup
this is testAddNodes
TEARDOWN
]]></system-out>
  </testcase>
  <testcase name="testRemoveEdge" classname="StackTest" time="0.005">
    <system-out><![CDATA[setup
this is testRemoveEdge
Edge from: a to b does not exist.
TEARDOWN
]]></system-out>
  </testcase>
  <testcase name="testRemoveNode" classname="StackTest" time="0">
    <system-out><![CDATA[setup
this is testRemoveNode
Node x does not exist. Cannot remove node.
TEARDOWN
]]></system-out>
  </testcase>
  <testcase name="testExportToDOT" classname="StackTest" time="0.008">
    <system-out><![CDATA[setup
this is testExportToDOT
Graph has been successfully exported to: /Users/gabe/IdeaProjects/CSE 464 First Proj/modifiedOutput.dot
TEARDOWN
]]></system-out>
  </testcase>
</testsuite>